{
  "stats": {
    "suites": 1,
    "tests": 1,
    "passes": 1,
    "pending": 0,
    "failures": 0,
    "start": "2023-09-04T13:39:39.345Z",
    "end": "2023-09-04T13:39:40.169Z",
    "duration": 824,
    "testsRegistered": 1,
    "passPercent": 100,
    "pendingPercent": 0,
    "other": 0,
    "hasOther": false,
    "skipped": 0,
    "hasSkipped": false
  },
  "results": [
    {
      "uuid": "a5126fe8-ffdb-4469-b3aa-947b5a4d7e61",
      "title": "",
      "fullFile": "C:\\Users\\user\\super-api-tests\\test\\POM.js",
      "file": "\\test\\POM.js",
      "beforeHooks": [],
      "afterHooks": [],
      "tests": [],
      "suites": [
        {
          "uuid": "9ee928b6-d799-468c-be57-0026f5fa3017",
          "title": "testsuit",
          "fullFile": "C:\\Users\\user\\super-api-tests\\test\\POM.js",
          "file": "\\test\\POM.js",
          "beforeHooks": [],
          "afterHooks": [],
          "tests": [
            {
              "title": "firstTestcase",
              "fullTitle": "testsuit firstTestcase",
              "timedOut": false,
              "duration": 805,
              "state": "passed",
              "speed": "slow",
              "pass": true,
              "fail": false,
              "pending": false,
              "context": null,
              "code": "var self = this,\n  args = arguments;\nreturn new Promise(function (resolve, reject) {\n  var gen = fn.apply(self, args);\n  function _next(value) {\n    asyncGeneratorStep(gen, resolve, reject, _next, _throw, \"next\", value);\n  }\n  function _throw(err) {\n    asyncGeneratorStep(gen, resolve, reject, _next, _throw, \"throw\", err);\n  }\n  _next(undefined);\n});",
              "err": {},
              "uuid": "0be1bb4f-afdf-4ddc-b67a-bc8418dfbfd3",
              "parentUUID": "9ee928b6-d799-468c-be57-0026f5fa3017",
              "isHook": false,
              "skipped": false
            }
          ],
          "suites": [],
          "passes": [
            "0be1bb4f-afdf-4ddc-b67a-bc8418dfbfd3"
          ],
          "failures": [],
          "pending": [],
          "skipped": [],
          "duration": 805,
          "root": false,
          "rootEmpty": false,
          "_timeout": 5000
        }
      ],
      "passes": [],
      "failures": [],
      "pending": [],
      "skipped": [],
      "duration": 0,
      "root": true,
      "rootEmpty": true,
      "_timeout": 5000
    }
  ],
  "meta": {
    "mocha": {
      "version": "10.2.0"
    },
    "mochawesome": {
      "options": {
        "quiet": false,
        "reportFilename": "mochawesome",
        "saveHtml": true,
        "saveJson": true,
        "consoleReporter": "spec",
        "useInlineDiffs": false,
        "code": true
      },
      "version": "7.1.3"
    },
    "marge": {
      "options": null,
      "version": "6.2.0"
    }
  }
}