<?xml version="1.0" encoding="UTF-8"?>
<testng-results ignored="0" total="1" passed="1" failed="0" skipped="0">
  <reporter-output>
  </reporter-output>
  <suite started-at="2023-08-09T12:16:40 IST" name="Default suite" finished-at="2023-08-09T12:16:44 IST" duration-ms="4653">
    <groups>
    </groups>
    <test started-at="2023-08-09T12:16:40 IST" name="Default test" finished-at="2023-08-09T12:16:44 IST" duration-ms="4653">
      <class name="adequateshop.com.XmlBodyVerify">
        <test-method signature="Approch2()[pri:0, instance:adequateshop.com.XmlBodyVerify@61001b64]" started-at="2023-08-09T12:16:40 IST" name="Approch2" finished-at="2023-08-09T12:16:44 IST" duration-ms="4581" status="PASS">
          <reporter-output>
          </reporter-output>
        </test-method> <!-- Approch2 -->
      </class> <!-- adequateshop.com.XmlBodyVerify -->
    </test> <!-- Default test -->
  </suite> <!-- Default suite -->
</testng-results>
