<?xml version="1.0" encoding="UTF-8"?>
<!-- Generated by org.testng.reporters.JUnitXMLReporter -->
<testsuite ignored="2" hostname="DESKTOP-SI1UTEJ" failures="1" tests="7" name="Test" time="83.901" errors="0" timestamp="2023-08-07T19:11:30 IST">
  <testcase classname="SauceDemo.TestCases.UsingDataProviderLogin" name="login" time="0.618">
    <failure type="java.lang.IllegalArgumentException" message="Keys to send should be a not null CharSequence">
      <![CDATA[java.lang.IllegalArgumentException: Keys to send should be a not null CharSequence
at org.openqa.selenium.remote.RemoteWebElement.sendKeys(RemoteWebElement.java:97)
at SauceDemo.TestCases.UsingDataProviderLogin.login(UsingDataProviderLogin.java:27)
at java.base/java.util.ArrayList.forEach(ArrayList.java:1511)
... Removed 27 stack frames]]>
    </failure>
  </testcase> <!-- login -->
  <testcase classname="SauceDemo.TestCases.UsingDataProviderLogin" name="login" time="1.517"/>
  <testcase classname="SauceDemo.TestCases.UsingDataProviderLogin" name="login" time="1.282"/>
  <testcase classname="SauceDemo.TestCases.UsingDataProviderLogin" name="login" time="0.871"/>
  <testcase classname="SauceDemo.TestCases.UsingDataProviderLogin" name="login" time="6.051"/>
  <testcase classname="SauceDemo.TestCases.LoginWithstandardUser" name="Standard_user" time="58.616"/>
  <testcase classname="SauceDemo.TestCases.LoginWithstandardUser" name="problem_user" time="0.912"/>
  <testcase classname="SauceDemo.BaseClass.BaseClass" name="@BeforeSuite Launch_Browser" time="0.0">
    <ignored/>
  </testcase> <!-- @BeforeSuite Launch_Browser -->
  <testcase classname="SauceDemo.BaseClass.BaseClass" name="@AfterSuite tearDown_Browser" time="0.0">
    <ignored/>
  </testcase> <!-- @AfterSuite tearDown_Browser -->
</testsuite> <!-- Test -->
